20110304104308 0    [main] INFO  com.jrt.betcodeResolve.service.SSQResolveService.getSSQBetcodeList(SSQResolveService.java:65)  - 传入的注码betcode:2,1,3,5,4,6+1^1,1,3,5,4,6+2^7,10,8,12,9,11+3^1,6,15,26,32,2+4^1,6,15,26,32,2+5^1,6,15,26,32,2+6^7,10,8,12,9,11+7^1,6,15,26,32,2+8^1,6,15,26,32,2+9^1,6,15,26,32,2+10^1,6,15,26,32,2+10^1,6,2,5,3,4,9,7,8,10+1^11,2,6,3,4,5+1,3,2^1,5,2,3,9,4,6,7+1,3,2^1,4,2,3*5,9,7,16+1^1,2,4,3*5,7,9,6+1,3,2^
20110304104308 16   [main] INFO  com.jrt.betcodeResolve.service.SSQResolveService.getSSQBetcodeList(SSQResolveService.java:73)  - vector=[2,1,3,5,4,6+1^1,1,3,5,4,6+2^7,10,8,12,9,11+3^1,6,15,26,32,2+4^1,6,15,26,32,2+5^, 1,6,15,26,32,2+6^7,10,8,12,9,11+7^1,6,15,26,32,2+8^1,6,15,26,32,2+9^1,6,15,26,32,2+10^, 1,6,15,26,32,2+10^, 1,2,4,3*5,7,9,6+1,3,2^]
20110304104308 16   [main] INFO  com.jrt.betcodeResolve.service.SSQResolveService.getSSQBetcodeList(SSQResolveService.java:75)  - tabNumber=^;tab=+;sign=,;redTab=*
20110304104308 31   [main] INFO  com.jrt.betcodeResolve.service.SSQResolveService.getSSQBetcodeList(SSQResolveService.java:95)  - lotteryCodes=2,1,3,5,4,6+1^1,1,3,5,4,6+2^7,10,8,12,9,11+3^1,6,15,26,32,2+4^1,6,15,26,32,2+5^^
20110304104333 0    [main] INFO  com.jrt.betcodeResolve.service.SSQResolveService.getSSQBetcodeList(SSQResolveService.java:65)  - 传入的注码betcode:2,1,3,5,4,6+1^1,1,3,5,4,6+2^7,10,8,12,9,11+3^1,6,15,26,32,2+4^1,6,15,26,32,2+5^1,6,15,26,32,2+6^7,10,8,12,9,11+7^1,6,15,26,32,2+8^1,6,15,26,32,2+9^1,6,15,26,32,2+10^1,6,15,26,32,2+10^1,6,2,5,3,4,9,7,8,10+1^11,2,6,3,4,5+1,3,2^1,5,2,3,9,4,6,7+1,3,2^1,4,2,3*5,9,7,16+1^1,2,4,3*5,7,9,6+1,3,2^
20110304104333 0    [main] INFO  com.jrt.betcodeResolve.service.SSQResolveService.getSSQBetcodeList(SSQResolveService.java:73)  - vector=[2,1,3,5,4,6+1^1,1,3,5,4,6+2^7,10,8,12,9,11+3^1,6,15,26,32,2+4^1,6,15,26,32,2+5^, 1,6,15,26,32,2+6^7,10,8,12,9,11+7^1,6,15,26,32,2+8^1,6,15,26,32,2+9^1,6,15,26,32,2+10^, 1,6,15,26,32,2+10^, 1,2,4,3*5,7,9,6+1,3,2^]
20110304104333 0    [main] INFO  com.jrt.betcodeResolve.service.SSQResolveService.getSSQBetcodeList(SSQResolveService.java:75)  - tabNumber=^;tab=+;sign=,;redTab=*
20110304104333 0    [main] INFO  com.jrt.betcodeResolve.service.SSQResolveService.getSSQBetcodeList(SSQResolveService.java:95)  - lotteryCodes=2,1,3,5,4,6+1^1,1,3,5,4,6+2^7,10,8,12,9,11+3^1,6,15,26,32,2+4^1,6,15,26,32,2+5^^
20110304104333 31   [main] INFO  com.jrt.betcodeResolve.util.BetcodeProxyResolve.getSDVector(BetcodeProxyResolve.java:195)  - simpleCodesZX=001,3,2^001,2,2^001,3,2^001,2,2^001,3,2^001,2,2^
20110304104333 31   [main] INFO  com.jrt.betcodeResolve.util.BetcodeProxyResolve.getSDVector(BetcodeProxyResolve.java:203)  - simpleCodesZS=011,3,2^011,2,2^014,5,6^017,9,8^
20110304104333 31   [main] INFO  com.jrt.betcodeResolve.util.BetcodeProxyResolve.getSDVector(BetcodeProxyResolve.java:211)  - simpleCodesZL=021,2,2^024,5,6^027,9,8^
20110304104333 31   [main] INFO  com.jrt.betcodeResolve.util.BetcodeProxyResolve.getSDVector(BetcodeProxyResolve.java:222)  - duplexCodes=1020^1120^1220^201,4,2,3,5*6,9,7,8,10,0*1,5,2,3,4,6,7^312,3,8,4,9,6,7^322,3,8,4,9,6,7^343,6,7,8,4,5^542,1*5,4,3^
20110304104333 31   [main] INFO  com.jrt.betcodeResolve.util.BetcodeProxyResolve.getPLSVector(BetcodeProxyResolve.java:449)  - simpleCodesZX=011,3,2;011,2,2;011,3,2;011,2,2;011,3,2;011,2,2;
20110304104333 31   [main] INFO  com.jrt.betcodeResolve.util.BetcodeProxyResolve.getPLSVector(BetcodeProxyResolve.java:457)  - simpleCodesZS=061,3,3;061,2,2;061,2,2;064,5,6;067,9,8;
20110304104333 31   [main] INFO  com.jrt.betcodeResolve.util.BetcodeProxyResolve.getPLSVector(BetcodeProxyResolve.java:476)  - duplexCodes=S120;S920;S320;S620;F32,3,8,4,9,6,7;F62,3,8,4,9,6,7;
20110304104343 0    [main] INFO  com.jrt.betcodeResolve.service.SSQResolveService.getSSQBetcodeList(SSQResolveService.java:65)  - 传入的注码betcode:2,1,3,5,4,6+1^1,1,3,5,4,6+2^7,10,8,12,9,11+3^1,6,15,26,32,2+4^1,6,15,26,32,2+5^1,6,15,26,32,2+6^7,10,8,12,9,11+7^1,6,15,26,32,2+8^1,6,15,26,32,2+9^1,6,15,26,32,2+10^1,6,15,26,32,2+10^1,6,2,5,3,4,9,7,8,10+1^11,2,6,3,4,5+1,3,2^1,5,2,3,9,4,6,7+1,3,2^1,4,2,3*5,9,7,16+1^1,2,4,3*5,7,9,6+1,3,2^
20110304104343 0    [main] INFO  com.jrt.betcodeResolve.service.SSQResolveService.getSSQBetcodeList(SSQResolveService.java:73)  - vector=[2,1,3,5,4,6+1^1,1,3,5,4,6+2^7,10,8,12,9,11+3^1,6,15,26,32,2+4^1,6,15,26,32,2+5^, 1,6,15,26,32,2+6^7,10,8,12,9,11+7^1,6,15,26,32,2+8^1,6,15,26,32,2+9^1,6,15,26,32,2+10^, 1,6,15,26,32,2+10^, 1,2,4,3*5,7,9,6+1,3,2^]
20110304104343 0    [main] INFO  com.jrt.betcodeResolve.service.SSQResolveService.getSSQBetcodeList(SSQResolveService.java:75)  - tabNumber=^;tab=+;sign=,;redTab=*
20110304104343 15   [main] INFO  com.jrt.betcodeResolve.service.SSQResolveService.getSSQBetcodeList(SSQResolveService.java:95)  - lotteryCodes=2,1,3,5,4,6+1^1,1,3,5,4,6+2^7,10,8,12,9,11+3^1,6,15,26,32,2+4^1,6,15,26,32,2+5^^
20110304104708 0    [main] INFO  com.jrt.betcodeResolve.service.SSQResolveService.getSSQBetcodeList(SSQResolveService.java:65)  - 传入的注码betcode:7,10,8,12,9,11+3^1,6,15,26,32,2+4^1,6,15,26,32,2+5^1,6,15,26,32,2+6^7,10,8,12,9,11+7^1,6,15,26,32,2+8^1,6,15,26,32,2+9^1,6,15,26,32,2+10^1,6,15,26,32,2+10^1,6,2,5,3,4,9,7,8,10+1^11,2,6,3,4,5+1,3,2^1,5,2,3,9,4,6,7+1,3,2^1,4,2,3,6*5,9+1^1,2,4,3*5,7,9,6+1,3,2^
20110304104708 16   [main] INFO  com.jrt.betcodeResolve.service.SSQResolveService.getSSQBetcodeList(SSQResolveService.java:73)  - vector=[7,10,8,12,9,11+3^1,6,15,26,32,2+4^1,6,15,26,32,2+5^1,6,15,26,32,2+6^7,10,8,12,9,11+7^, 1,6,15,26,32,2+8^1,6,15,26,32,2+9^1,6,15,26,32,2+10^1,6,15,26,32,2+10^, 1,2,4,3*5,7,9,6+1,3,2^]
20110304104708 16   [main] INFO  com.jrt.betcodeResolve.service.SSQResolveService.getSSQBetcodeList(SSQResolveService.java:75)  - tabNumber=^;tab=+;sign=,;redTab=*
20110304104708 16   [main] INFO  com.jrt.betcodeResolve.service.SSQResolveService.getSSQBetcodeList(SSQResolveService.java:95)  - lotteryCodes=7,10,8,12,9,11+3^1,6,15,26,32,2+4^1,6,15,26,32,2+5^1,6,15,26,32,2+6^7,10,8,12,9,11+7^^
20110304104758 0    [main] INFO  com.jrt.betcodeResolve.service.SSQResolveService.getSSQBetcodeList(SSQResolveService.java:65)  - 传入的注码betcode:7,10,8,12,9,11+3^1,6,15,26,32,2+4^1,6,15,26,32,2+5^1,6,15,26,32,2+6^7,10,8,12,9,11+7^1,6,15,26,32,2+8^1,6,15,26,32,2+9^1,6,15,26,32,2+10^1,6,15,26,32,2+10^1,6,2,5,3,4,9,7,8,10+1^11,2,6,3,4,5+1,3,2^1,5,2,3,9,4,6,7+1,3,2^1,4,2,3,6*5,9+1^1,2,4,3*5,7,9,6+1,3,2^
20110304104758 0    [main] INFO  com.jrt.betcodeResolve.service.SSQResolveService.getSSQBetcodeList(SSQResolveService.java:73)  - vector=[7,10,8,12,9,11+3^1,6,15,26,32,2+4^1,6,15,26,32,2+5^1,6,15,26,32,2+6^7,10,8,12,9,11+7^, 1,6,15,26,32,2+8^1,6,15,26,32,2+9^1,6,15,26,32,2+10^1,6,15,26,32,2+10^, 1,2,4,3*5,7,9,6+1,3,2^]
20110304104758 0    [main] INFO  com.jrt.betcodeResolve.service.SSQResolveService.getSSQBetcodeList(SSQResolveService.java:75)  - tabNumber=^;tab=+;sign=,;redTab=*
20110304104758 0    [main] INFO  com.jrt.betcodeResolve.service.SSQResolveService.getSSQBetcodeList(SSQResolveService.java:95)  - lotteryCodes=7,10,8,12,9,11+3^1,6,15,26,32,2+4^1,6,15,26,32,2+5^1,6,15,26,32,2+6^7,10,8,12,9,11+7^^
20110304104758 16   [main] INFO  com.jrt.betcodeResolve.service.SSQResolveService.getSSQBetcodeList(SSQResolveService.java:108)  - 单式:注码=0001070809101112~03^0001010206152632~04^0001010206152632~05^0001010206152632~06^0001070809101112~07^;注数=5注;总金额=10元
20110304104758 16   [main] INFO  com.jrt.betcodeResolve.service.SSQResolveService.getSSQBetcodeList(SSQResolveService.java:95)  - lotteryCodes=1,6,15,26,32,2+8^1,6,15,26,32,2+9^1,6,15,26,32,2+10^1,6,15,26,32,2+10^^
20110304104759 32   [main] INFO  com.jrt.betcodeResolve.service.SSQResolveService.getSSQBetcodeList(SSQResolveService.java:108)  - 单式:注码=0001010206152632~08^0001010206152632~09^0001010206152632~10^0001010206152632~10^;注数=4注;总金额=8元
20110304104759 32   [main] INFO  com.jrt.betcodeResolve.service.SSQResolveService.getSSQBetcodeList(SSQResolveService.java:149)  - lotteryCodes=1,2,4,3*5,7,9,6+1,3,2
20110304104759 32   [main] INFO  com.jrt.betcodeResolve.service.SSQResolveService.getSSQBetcodeList(SSQResolveService.java:165)  - 胆拖:注码=500101020304*05060709~010203^;注数=18注;总金额=36元
20110304105050 0    [main] INFO  com.jrt.betcodeResolve.service.SSQResolveService.getSSQBetcodeList(SSQResolveService.java:65)  - 传入的注码betcode:7,10,8,12,9,11+3^1,6,15,26,32,2+4^1,6,15,26,32,2+5^1,6,15,26,32,2+6^7,10,8,12,9,11+7^1,6,15,26,32,2+8^1,6,15,26,32,2+9^1,6,15,26,32,2+10^1,6,15,26,32,2+10^1,6,2,5,3,4,9,7,8,10+1^11,2,6,3,4,5+1,3,2^1,5,2,3,9,4,6,7+1,3,2^1,4,2,3,6*5,9+1^1,2,4,3*5,7,9,6+1,3,2^
20110304105050 15   [main] INFO  com.jrt.betcodeResolve.service.SSQResolveService.getSSQBetcodeList(SSQResolveService.java:73)  - vector=[7,10,8,12,9,11+3^1,6,15,26,32,2+4^1,6,15,26,32,2+5^1,6,15,26,32,2+6^7,10,8,12,9,11+7^, 1,6,15,26,32,2+8^1,6,15,26,32,2+9^1,6,15,26,32,2+10^1,6,15,26,32,2+10^, 1,2,4,3*5,7,9,6+1,3,2^]
20110304105050 15   [main] INFO  com.jrt.betcodeResolve.service.SSQResolveService.getSSQBetcodeList(SSQResolveService.java:75)  - tabNumber=^;tab=+;sign=,;redTab=*
20110304105050 15   [main] INFO  com.jrt.betcodeResolve.service.SSQResolveService.getSSQBetcodeList(SSQResolveService.java:96)  - lotteryCodes=7,10,8,12,9,11+3^1,6,15,26,32,2+4^1,6,15,26,32,2+5^1,6,15,26,32,2+6^7,10,8,12,9,11+7^^
20110304105050 15   [main] INFO  com.jrt.betcodeResolve.service.SSQResolveService.getSSQBetcodeList(SSQResolveService.java:109)  - 单式:注码=0001070809101112~03^0001010206152632~04^0001010206152632~05^0001010206152632~06^0001070809101112~07^;注数=5注;总金额=10元
20110304105050 31   [main] INFO  com.jrt.betcodeResolve.service.SSQResolveService.getSSQBetcodeList(SSQResolveService.java:96)  - lotteryCodes=1,6,15,26,32,2+8^1,6,15,26,32,2+9^1,6,15,26,32,2+10^1,6,15,26,32,2+10^^
20110304105050 31   [main] INFO  com.jrt.betcodeResolve.service.SSQResolveService.getSSQBetcodeList(SSQResolveService.java:109)  - 单式:注码=0001010206152632~08^0001010206152632~09^0001010206152632~10^0001010206152632~10^;注数=4注;总金额=8元
20110304105050 31   [main] INFO  com.jrt.betcodeResolve.service.SSQResolveService.getSSQBetcodeList(SSQResolveService.java:150)  - lotteryCodes=1,2,4,3*5,7,9,6+1,3,2
20110304105050 31   [main] INFO  com.jrt.betcodeResolve.service.SSQResolveService.getSSQBetcodeList(SSQResolveService.java:166)  - 胆拖:注码=500101020304*05060709~010203^;注数=18注;总金额=36元
20110304133616 0    [main] INFO  com.jrt.betcodeResolve.util.BetcodeProxyResolve.getSDVector(BetcodeProxyResolve.java:195)  - simpleCodesZX=001,3,2^001,2,2^001,3,2^001,2,2^001,3,2^001,2,2^
20110304133616 16   [main] INFO  com.jrt.betcodeResolve.util.BetcodeProxyResolve.getSDVector(BetcodeProxyResolve.java:203)  - simpleCodesZS=011,3,2^011,2,2^014,5,6^017,9,8^
20110304133616 16   [main] INFO  com.jrt.betcodeResolve.util.BetcodeProxyResolve.getSDVector(BetcodeProxyResolve.java:211)  - simpleCodesZL=021,2,2^024,5,6^027,9,8^
20110304133616 32   [main] INFO  com.jrt.betcodeResolve.util.BetcodeProxyResolve.getSDVector(BetcodeProxyResolve.java:222)  - duplexCodes=1020^1120^1220^201,4,2,3,5*6,9,7,8,10,0*1,5,2,3,4,6,7^312,3,8,4,9,6,7^322,3,8,4,9,6,7^343,6,7,8,4,5^542,1*5,4,3^
20110304133616 32   [main] INFO  com.jrt.betcodeResolve.util.BetcodeProxyResolve.getPLSVector(BetcodeProxyResolve.java:449)  - simpleCodesZX=011,3,2;011,2,2;011,3,2;011,2,2;011,3,2;011,2,2;
20110304133616 47   [main] INFO  com.jrt.betcodeResolve.util.BetcodeProxyResolve.getPLSVector(BetcodeProxyResolve.java:457)  - simpleCodesZS=061,3,3;061,2,2;061,2,2;064,5,6;067,9,8;
20110304133616 63   [main] INFO  com.jrt.betcodeResolve.util.BetcodeProxyResolve.getPLSVector(BetcodeProxyResolve.java:476)  - duplexCodes=S120;S920;S320;S620;F32,3,8,4,9,6,7;F62,3,8,4,9,6,7;
20110304133746 0    [main] INFO  com.jrt.betcodeResolve.service.SSQResolveService.getSSQBetcodeList(SSQResolveService.java:65)  - 传入的注码betcode:2,1,3,5,4,6+1^1,1,3,5,4,6+2^7,10,8,12,9,11+3^1,6,15,26,32,2+4^1,6,15,26,32,2+5^1,6,15,26,32,2+6^7,10,8,12,9,11+7^1,6,15,26,32,2+8^1,6,15,26,32,2+9^1,6,15,26,32,2+10^1,6,15,26,32,2+10^1,6,2,5,3,4,9,7,8,10+1^11,2,6,3,4,5+1,3,2^1,5,2,3,9,4,6,7+1,3,2^1,4,2,3*5,9,7,16+1^1,2,4,3*5,7,9,6+1,3,2^
20110304133746 0    [main] INFO  com.jrt.betcodeResolve.service.SSQResolveService.getSSQBetcodeList(SSQResolveService.java:73)  - vector=[2,1,3,5,4,6+1^1,1,3,5,4,6+2^7,10,8,12,9,11+3^1,6,15,26,32,2+4^1,6,15,26,32,2+5^, 1,6,15,26,32,2+6^7,10,8,12,9,11+7^1,6,15,26,32,2+8^1,6,15,26,32,2+9^1,6,15,26,32,2+10^, 1,6,15,26,32,2+10^, 1,2,4,3*5,7,9,6+1,3,2^]
20110304133746 0    [main] INFO  com.jrt.betcodeResolve.service.SSQResolveService.getSSQBetcodeList(SSQResolveService.java:75)  - tabNumber=^;tab=+;sign=,;redTab=*
20110304133746 0    [main] INFO  com.jrt.betcodeResolve.service.SSQResolveService.getSSQBetcodeList(SSQResolveService.java:96)  - lotteryCodes=2,1,3,5,4,6+1^1,1,3,5,4,6+2^7,10,8,12,9,11+3^1,6,15,26,32,2+4^1,6,15,26,32,2+5^^
20110304133746 32   [main] INFO  com.jrt.betcodeResolve.service.SSQResolveService.getSSQBetcodeList(SSQResolveService.java:109)  - 单式:注码=0001010203040506~01^0001010103040506~02^0001070809101112~03^0001010206152632~04^0001010206152632~05^;注数=5注;总金额=10元
20110304133746 32   [main] INFO  com.jrt.betcodeResolve.service.SSQResolveService.getSSQBetcodeList(SSQResolveService.java:96)  - lotteryCodes=1,6,15,26,32,2+6^7,10,8,12,9,11+7^1,6,15,26,32,2+8^1,6,15,26,32,2+9^1,6,15,26,32,2+10^^
20110304133746 32   [main] INFO  com.jrt.betcodeResolve.service.SSQResolveService.getSSQBetcodeList(SSQResolveService.java:109)  - 单式:注码=0001010206152632~06^0001070809101112~07^0001010206152632~08^0001010206152632~09^0001010206152632~10^;注数=5注;总金额=10元
20110304133746 32   [main] INFO  com.jrt.betcodeResolve.service.SSQResolveService.getSSQBetcodeList(SSQResolveService.java:96)  - lotteryCodes=1,6,15,26,32,2+10^^
20110304133746 47   [main] INFO  com.jrt.betcodeResolve.service.SSQResolveService.getSSQBetcodeList(SSQResolveService.java:109)  - 单式:注码=0001010206152632~10^;注数=1注;总金额=2元
20110304133746 47   [main] INFO  com.jrt.betcodeResolve.service.SSQResolveService.getSSQBetcodeList(SSQResolveService.java:150)  - lotteryCodes=1,2,4,3*5,7,9,6+1,3,2
20110304133746 47   [main] INFO  com.jrt.betcodeResolve.service.SSQResolveService.getSSQBetcodeList(SSQResolveService.java:166)  - 胆拖:注码=500101020304*05060709~010203^;注数=18注;总金额=36元
20110304140639 0    [main] INFO  com.jrt.betcodeResolve.service.SSQResolveService.getSSQBetcodeList(SSQResolveService.java:65)  - 传入的注码betcode:2,1,3,5,4,6+1^1,1,3,5,4,6+2^7,10,8,12,9,11+3^1,6,15,26,32,2+4^1,6,15,26,32,2+5^1,6,15,26,32,2+6^7,10,8,12,9,11+7^1,6,15,26,32,2+8^1,6,15,26,32,2+9^1,6,15,26,32,2+10^1,6,15,26,32,2+10^1,6,2,5,3,4,9,7,8,10+1^11,2,6,3,4,5+1,3,2^1,5,2,3,9,4,6,7+1,3,2^1,4,2,3*5,9,7,16+1^1,2,4,3*5,7,9,6+1,3,2^
20110304140639 0    [main] INFO  com.jrt.betcodeResolve.service.SSQResolveService.getSSQBetcodeList(SSQResolveService.java:73)  - vector=[2,1,3,5,4,6+1^1,1,3,5,4,6+2^7,10,8,12,9,11+3^1,6,15,26,32,2+4^1,6,15,26,32,2+5^, 1,6,15,26,32,2+6^7,10,8,12,9,11+7^1,6,15,26,32,2+8^1,6,15,26,32,2+9^1,6,15,26,32,2+10^, 1,6,15,26,32,2+10^, 1,2,4,3*5,7,9,6+1,3,2^]
20110304140639 0    [main] INFO  com.jrt.betcodeResolve.service.SSQResolveService.getSSQBetcodeList(SSQResolveService.java:75)  - tabNumber=^;tab=+;sign=,;redTab=*
20110304140639 16   [main] INFO  com.jrt.betcodeResolve.service.SSQResolveService.getSSQBetcodeList(SSQResolveService.java:96)  - lotteryCodes=2,1,3,5,4,6+1^1,1,3,5,4,6+2^7,10,8,12,9,11+3^1,6,15,26,32,2+4^1,6,15,26,32,2+5^^
20110304140639 16   [main] INFO  com.jrt.betcodeResolve.service.SSQResolveService.getSSQBetcodeList(SSQResolveService.java:109)  - 单式:注码=0001010203040506~01^0001010103040506~02^0001070809101112~03^0001010206152632~04^0001010206152632~05^;注数=5注;总金额=10元
20110304140639 31   [main] INFO  com.jrt.betcodeResolve.service.SSQResolveService.getSSQBetcodeList(SSQResolveService.java:96)  - lotteryCodes=1,6,15,26,32,2+6^7,10,8,12,9,11+7^1,6,15,26,32,2+8^1,6,15,26,32,2+9^1,6,15,26,32,2+10^^
20110304140639 31   [main] INFO  com.jrt.betcodeResolve.service.SSQResolveService.getSSQBetcodeList(SSQResolveService.java:109)  - 单式:注码=0001010206152632~06^0001070809101112~07^0001010206152632~08^0001010206152632~09^0001010206152632~10^;注数=5注;总金额=10元
20110304140639 31   [main] INFO  com.jrt.betcodeResolve.service.SSQResolveService.getSSQBetcodeList(SSQResolveService.java:96)  - lotteryCodes=1,6,15,26,32,2+10^^
20110304140639 31   [main] INFO  com.jrt.betcodeResolve.service.SSQResolveService.getSSQBetcodeList(SSQResolveService.java:109)  - 单式:注码=0001010206152632~10^;注数=1注;总金额=2元
20110304140639 31   [main] INFO  com.jrt.betcodeResolve.service.SSQResolveService.getSSQBetcodeList(SSQResolveService.java:150)  - lotteryCodes=1,2,4,3*5,7,9,6+1,3,2
20110304140639 31   [main] INFO  com.jrt.betcodeResolve.service.SSQResolveService.getSSQBetcodeList(SSQResolveService.java:166)  - 胆拖:注码=500101020304*05060709~010203^;注数=18注;总金额=36元
20110304140639 31   [main] INFO  com.jrt.betcodeResolve.util.BetcodeProxyResolve.getSDVector(BetcodeProxyResolve.java:195)  - simpleCodesZX=001,3,2^001,2,2^001,3,2^001,2,2^001,3,2^001,2,2^
20110304140639 31   [main] INFO  com.jrt.betcodeResolve.util.BetcodeProxyResolve.getSDVector(BetcodeProxyResolve.java:203)  - simpleCodesZS=011,3,2^011,2,2^014,5,6^017,9,8^
20110304140639 31   [main] INFO  com.jrt.betcodeResolve.util.BetcodeProxyResolve.getSDVector(BetcodeProxyResolve.java:211)  - simpleCodesZL=021,2,2^024,5,6^027,9,8^
20110304140639 31   [main] INFO  com.jrt.betcodeResolve.util.BetcodeProxyResolve.getSDVector(BetcodeProxyResolve.java:222)  - duplexCodes=1020^1120^1220^201,4,2,3,5*6,9,7,8,10,0*1,5,2,3,4,6,7^312,3,8,4,9,6,7^322,3,8,4,9,6,7^343,6,7,8,4,5^542,1*5,4,3^
20110304140639 31   [main] INFO  com.jrt.betcodeResolve.util.BetcodeProxyResolve.getPLSVector(BetcodeProxyResolve.java:449)  - simpleCodesZX=011,3,2;011,2,2;011,3,2;011,2,2;011,3,2;011,2,2;
20110304140639 31   [main] INFO  com.jrt.betcodeResolve.util.BetcodeProxyResolve.getPLSVector(BetcodeProxyResolve.java:457)  - simpleCodesZS=061,3,3;061,2,2;061,2,2;064,5,6;067,9,8;
20110304140639 31   [main] INFO  com.jrt.betcodeResolve.util.BetcodeProxyResolve.getPLSVector(BetcodeProxyResolve.java:476)  - duplexCodes=S120;S920;S320;S620;F32,3,8,4,9,6,7;F62,3,8,4,9,6,7;
20110304171309 0    [main] INFO  com.jrt.betcodeResolve.service.SSQResolveService.getSSQBetcodeList(SSQResolveService.java:65)  - 传入的注码betcode:2,1,3,5,4,6+1^1,1,3,5,4,6+2^7,10,8,12,9,11+3^1,6,15,26,32,2+4^1,6,15,26,32,2+5^1,6,15,26,32,2+6^7,10,8,12,9,11+7^1,6,15,26,32,2+8^1,6,15,26,32,2+9^1,6,15,26,32,2+10^1,6,15,26,32,2+10^1,6,2,5,3,4,9,7,8,10+1^11,2,6,3,4,5+1,3,2^1,5,2,3,9,4,6,7+1,3,2^1,4,2,3*5,9,7,16+1^1,2,4,3*5,7,9,6+1,3,2^
20110304171309 16   [main] INFO  com.jrt.betcodeResolve.service.SSQResolveService.getSSQBetcodeList(SSQResolveService.java:73)  - vector=[2,1,3,5,4,6+1^1,1,3,5,4,6+2^7,10,8,12,9,11+3^1,6,15,26,32,2+4^1,6,15,26,32,2+5^, 1,6,15,26,32,2+6^7,10,8,12,9,11+7^1,6,15,26,32,2+8^1,6,15,26,32,2+9^1,6,15,26,32,2+10^, 1,6,15,26,32,2+10^, 1,2,4,3*5,7,9,6+1,3,2^]
20110304171309 16   [main] INFO  com.jrt.betcodeResolve.service.SSQResolveService.getSSQBetcodeList(SSQResolveService.java:75)  - tabNumber=^;tab=+;sign=,;redTab=*
20110304171309 16   [main] INFO  com.jrt.betcodeResolve.service.SSQResolveService.getSSQBetcodeList(SSQResolveService.java:96)  - lotteryCodes=2,1,3,5,4,6+1^1,1,3,5,4,6+2^7,10,8,12,9,11+3^1,6,15,26,32,2+4^1,6,15,26,32,2+5^^
20110304171309 32   [main] INFO  com.jrt.betcodeResolve.service.SSQResolveService.getSSQBetcodeList(SSQResolveService.java:109)  - 单式:注码=0001010203040506~01^0001010103040506~02^0001070809101112~03^0001010206152632~04^0001010206152632~05^;注数=5注;总金额=10元
20110304171309 32   [main] INFO  com.jrt.betcodeResolve.service.SSQResolveService.getSSQBetcodeList(SSQResolveService.java:96)  - lotteryCodes=1,6,15,26,32,2+6^7,10,8,12,9,11+7^1,6,15,26,32,2+8^1,6,15,26,32,2+9^1,6,15,26,32,2+10^^
20110304171309 32   [main] INFO  com.jrt.betcodeResolve.service.SSQResolveService.getSSQBetcodeList(SSQResolveService.java:109)  - 单式:注码=0001010206152632~06^0001070809101112~07^0001010206152632~08^0001010206152632~09^0001010206152632~10^;注数=5注;总金额=10元
20110304171309 47   [main] INFO  com.jrt.betcodeResolve.service.SSQResolveService.getSSQBetcodeList(SSQResolveService.java:96)  - lotteryCodes=1,6,15,26,32,2+10^^
20110304171309 47   [main] INFO  com.jrt.betcodeResolve.service.SSQResolveService.getSSQBetcodeList(SSQResolveService.java:109)  - 单式:注码=0001010206152632~10^;注数=1注;总金额=2元
20110304171309 47   [main] INFO  com.jrt.betcodeResolve.service.SSQResolveService.getSSQBetcodeList(SSQResolveService.java:150)  - lotteryCodes=1,2,4,3*5,7,9,6+1,3,2
20110304171309 47   [main] INFO  com.jrt.betcodeResolve.service.SSQResolveService.getSSQBetcodeList(SSQResolveService.java:166)  - 胆拖:注码=5001;注数=18注;总金额=36元
